<?xml version='1.0' encoding='utf-8'?>
<testsuite name="anotherlife-deterministic-qa" tests="12" failures="0" errors="0" time="0"><testcase classname="anotherlife-deterministic-qa" name="unit" time="0" /><testcase classname="anotherlife-deterministic-qa" name="integration" time="0" /><testcase classname="anotherlife-deterministic-qa" name="play-mode" time="0" /><testcase classname="anotherlife-deterministic-qa" name="build-smoke" time="0" /><testcase classname="anotherlife-deterministic-qa" name="scene-manifest" time="0" /><testcase classname="anotherlife-deterministic-qa" name="content-manifest" time="0" /><testcase classname="anotherlife-deterministic-qa" name="save-round-trip" time="0" /><testcase classname="anotherlife-deterministic-qa" name="save-migration" time="0" /><testcase classname="anotherlife-deterministic-qa" name="save-downgrade-rejection" time="0" /><testcase classname="anotherlife-deterministic-qa" name="save-corruption-recovery" time="0" /><testcase classname="anotherlife-deterministic-qa" name="save-crash-recovery" time="0" /><testcase classname="anotherlife-deterministic-qa" name="packaged-narrative" time="0" /></testsuite>